<?xml version="1.0" encoding="UTF-8"?>
<testsuite xmlns:xsi="http://www.w3.org/2001/XMLSchema-instance" xsi:noNamespaceSchemaLocation="https://maven.apache.org/surefire/maven-surefire-plugin/xsd/surefire-test-report.xsd" name="com.demos.mwebdemo.TestServletTest" time="0.392" tests="2" errors="0" skipped="0" failures="0">
  <properties>
[...]
</properties>
  <testcase name="helloInfoTest" classname="com.demos.mwebdemo.TestServletTest" time="0.217"/>
  <testcase name="doGetWritesResponse" classname="com.demos.mwebdemo.TestServletTest" time="0.005"/>
</testsuite>